2022-06-06 15:26:56-开始执行退出程序2022-06-06 15:26:57-开始执行登录程序2022-06-06 15:26:58-开始执行注册程序2022-06-06 15:26:59-开始执行提现程序2022-06-06 15:27:00-开始执行转账程序2022-06-06 15:28:45-开始执行退出程序
2022-06-06 15:28:50-开始执行登录程序
2022-06-06 15:28:50-开始执行登录程序
2022-06-06 15:28:51-开始执行注册程序
2022-06-06 15:28:52-开始执行注册程序
2022-06-06 15:28:52-开始执行注册程序
2022-06-06 15:28:52-开始执行注册程序
2022-06-06 15:28:53-开始执行注册程序
2022-06-06 15:48:19-开始执行退出程序
2022-06-06 15:48:44-开始执行转账程序
2022-06-06 15:55:50-开始执行退出程序
2022-06-06 15:55:51-开始执行登录程序
2022-06-06 15:55:52-开始执行登录程序
2022-06-06 15:55:52-开始执行登录程序
2022-06-06 15:55:52-开始执行登录程序
2022-06-06 15:55:52-开始执行登录程序
2022-06-06 15:55:53-开始执行登录程序
2022-06-06 15:55:53-开始执行登录程序
2022-06-06 15:55:53-开始执行登录程序
2022-06-06 15:55:54-开始执行登录程序
2022-06-06 15:55:54-开始执行登录程序
2022-06-06 15:55:54-开始执行登录程序
